<?xml version="1.0" encoding="UTF-8"?>
<testng-results ignored="0" total="5" passed="5" failed="0" skipped="0">
  <reporter-output>
  </reporter-output>
  <suite started-at="2023-08-24T06:39:13 UTC" name="Suite" finished-at="2023-08-24T06:39:18 UTC" duration-ms="4859">
    <groups>
    </groups>
    <test started-at="2023-08-24T06:39:13 UTC" name="Test" finished-at="2023-08-24T06:39:18 UTC" duration-ms="4859">
      <class name="ai.iamneo.testing.Testing_Selenium_TestNg.AppTest">
        <test-method is-config="true" signature="beforeTest()[pri:0, instance:ai.iamneo.testing.Testing_Selenium_TestNg.AppTest@2f177a4b]" started-at="2023-08-24T06:39:13 UTC" name="beforeTest" finished-at="2023-08-24T06:39:15 UTC" duration-ms="2428" status="PASS">
          <reporter-output>
          </reporter-output>
        </test-method> <!-- beforeTest -->
        <test-method signature="backPage()[pri:0, instance:ai.iamneo.testing.Testing_Selenium_TestNg.AppTest@2f177a4b]" started-at="2023-08-24T06:39:15 UTC" name="backPage" finished-at="2023-08-24T06:39:15 UTC" duration-ms="25" status="PASS">
          <reporter-output>
          </reporter-output>
        </test-method> <!-- backPage -->
        <test-method signature="currentURL()[pri:0, instance:ai.iamneo.testing.Testing_Selenium_TestNg.AppTest@2f177a4b]" started-at="2023-08-24T06:39:15 UTC" name="currentURL" finished-at="2023-08-24T06:39:15 UTC" duration-ms="70" status="PASS">
          <reporter-output>
          </reporter-output>
        </test-method> <!-- currentURL -->
        <test-method signature="forwardpage()[pri:0, instance:ai.iamneo.testing.Testing_Selenium_TestNg.AppTest@2f177a4b]" started-at="2023-08-24T06:39:15 UTC" name="forwardpage" finished-at="2023-08-24T06:39:16 UTC" duration-ms="1015" status="PASS">
          <reporter-output>
          </reporter-output>
        </test-method> <!-- forwardpage -->
        <test-method signature="maximizepage()[pri:0, instance:ai.iamneo.testing.Testing_Selenium_TestNg.AppTest@2f177a4b]" started-at="2023-08-24T06:39:16 UTC" name="maximizepage" finished-at="2023-08-24T06:39:17 UTC" duration-ms="122" status="PASS">
          <reporter-output>
          </reporter-output>
        </test-method> <!-- maximizepage -->
        <test-method signature="reloadpage()[pri:0, instance:ai.iamneo.testing.Testing_Selenium_TestNg.AppTest@2f177a4b]" started-at="2023-08-24T06:39:17 UTC" name="reloadpage" finished-at="2023-08-24T06:39:18 UTC" duration-ms="1062" status="PASS">
          <reporter-output>
          </reporter-output>
        </test-method> <!-- reloadpage -->
        <test-method is-config="true" signature="afterTest()[pri:0, instance:ai.iamneo.testing.Testing_Selenium_TestNg.AppTest@2f177a4b]" started-at="2023-08-24T06:39:18 UTC" name="afterTest" finished-at="2023-08-24T06:39:18 UTC" duration-ms="111" status="PASS">
          <reporter-output>
          </reporter-output>
        </test-method> <!-- afterTest -->
      </class> <!-- ai.iamneo.testing.Testing_Selenium_TestNg.AppTest -->
    </test> <!-- Test -->
  </suite> <!-- Suite -->
</testng-results>
