<?xml version="1.0" encoding="UTF-8"?>
<testng-results ignored="0" total="5" passed="5" failed="0" skipped="0">
  <reporter-output>
  </reporter-output>
  <suite started-at="2023-08-24T06:30:32 UTC" name="Suite" finished-at="2023-08-24T06:30:37 UTC" duration-ms="4794">
    <groups>
    </groups>
    <test started-at="2023-08-24T06:30:32 UTC" name="Test" finished-at="2023-08-24T06:30:37 UTC" duration-ms="4794">
      <class name="ai.iamneo.testing.Testing_Selenium_TestNg.AppTest">
        <test-method is-config="true" signature="beforeTest()[pri:0, instance:ai.iamneo.testing.Testing_Selenium_TestNg.AppTest@2f177a4b]" started-at="2023-08-24T06:30:32 UTC" name="beforeTest" finished-at="2023-08-24T06:30:34 UTC" duration-ms="2371" status="PASS">
          <reporter-output>
          </reporter-output>
        </test-method> <!-- beforeTest -->
        <test-method signature="backPage()[pri:0, instance:ai.iamneo.testing.Testing_Selenium_TestNg.AppTest@2f177a4b]" started-at="2023-08-24T06:30:34 UTC" name="backPage" finished-at="2023-08-24T06:30:34 UTC" duration-ms="23" status="PASS">
          <reporter-output>
          </reporter-output>
        </test-method> <!-- backPage -->
        <test-method signature="currentURL()[pri:0, instance:ai.iamneo.testing.Testing_Selenium_TestNg.AppTest@2f177a4b]" started-at="2023-08-24T06:30:34 UTC" name="currentURL" finished-at="2023-08-24T06:30:34 UTC" duration-ms="25" status="PASS">
          <reporter-output>
          </reporter-output>
        </test-method> <!-- currentURL -->
        <test-method signature="forwardpage()[pri:0, instance:ai.iamneo.testing.Testing_Selenium_TestNg.AppTest@2f177a4b]" started-at="2023-08-24T06:30:34 UTC" name="forwardpage" finished-at="2023-08-24T06:30:35 UTC" duration-ms="1077" status="PASS">
          <reporter-output>
          </reporter-output>
        </test-method> <!-- forwardpage -->
        <test-method signature="maximizepage()[pri:0, instance:ai.iamneo.testing.Testing_Selenium_TestNg.AppTest@2f177a4b]" started-at="2023-08-24T06:30:35 UTC" name="maximizepage" finished-at="2023-08-24T06:30:36 UTC" duration-ms="118" status="PASS">
          <reporter-output>
          </reporter-output>
        </test-method> <!-- maximizepage -->
        <test-method signature="reloadpage()[pri:0, instance:ai.iamneo.testing.Testing_Selenium_TestNg.AppTest@2f177a4b]" started-at="2023-08-24T06:30:36 UTC" name="reloadpage" finished-at="2023-08-24T06:30:37 UTC" duration-ms="1022" status="PASS">
          <reporter-output>
          </reporter-output>
        </test-method> <!-- reloadpage -->
        <test-method is-config="true" signature="afterTest()[pri:0, instance:ai.iamneo.testing.Testing_Selenium_TestNg.AppTest@2f177a4b]" started-at="2023-08-24T06:30:37 UTC" name="afterTest" finished-at="2023-08-24T06:30:37 UTC" duration-ms="105" status="PASS">
          <reporter-output>
          </reporter-output>
        </test-method> <!-- afterTest -->
      </class> <!-- ai.iamneo.testing.Testing_Selenium_TestNg.AppTest -->
    </test> <!-- Test -->
  </suite> <!-- Suite -->
</testng-results>
