<?xml version="1.0" encoding="UTF-8"?>
<!-- Generated by org.testng.reporters.JUnitXMLReporter -->
<testsuite ignored="0" hostname="aeafdadcfeefddfddddfcfdabdafecefecf-0" failures="0" tests="5" name="Test" time="4.794" errors="0" timestamp="2023-08-24T06:30:37 UTC">
  <testcase classname="ai.iamneo.testing.Testing_Selenium_TestNg.AppTest" name="backPage" time="0.023"/>
  <testcase classname="ai.iamneo.testing.Testing_Selenium_TestNg.AppTest" name="currentURL" time="0.025"/>
  <testcase classname="ai.iamneo.testing.Testing_Selenium_TestNg.AppTest" name="forwardpage" time="1.077"/>
  <testcase classname="ai.iamneo.testing.Testing_Selenium_TestNg.AppTest" name="maximizepage" time="0.118"/>
  <testcase classname="ai.iamneo.testing.Testing_Selenium_TestNg.AppTest" name="reloadpage" time="1.022"/>
</testsuite> <!-- Test -->
